#
# There is insufficient memory for the Java Runtime Environment to continue.
# Native memory allocation (malloc) failed to allocate 2179984 bytes for Chunk::new
# Possible reasons:
#   The system is out of physical RAM or swap space
#   The process is running with CompressedOops enabled, and the Java Heap may be blocking the growth of the native heap
# Possible solutions:
#   Reduce memory load on the system
#   Increase physical memory or swap space
#   Check if swap backing store is full
#   Decrease Java heap size (-Xmx/-Xms)
#   Decrease number of Java threads
#   Decrease Java thread stack sizes (-Xss)
#   Set larger code cache with -XX:ReservedCodeCacheSize=
#   JVM is running with Unscaled Compressed Oops mode in which the Java heap is
#     placed in the first 4GB address space. The Java Heap base address is the
#     maximum limit for the native heap growth. Please use -XX:HeapBaseMinAddress
#     to set the Java Heap base and to place the Java Heap above 4GB virtual address.
# This output file may be truncated or incomplete.
#
#  Out of Memory Error (allocation.cpp:389), pid=6920, tid=0x00000000000019ec
#
# JRE version: OpenJDK Runtime Environment (8.0_242-b01) (build 1.8.0_242-release-1644-b01)
# Java VM: OpenJDK 64-Bit Server VM (25.242-b01 mixed mode windows-amd64 compressed oops)
# Failed to write core dump. Minidumps are not enabled by default on client versions of Windows
#

---------------  T H R E A D  ---------------

Current thread (0x00000000179ba000):  JavaThread "C2 CompilerThread0" daemon [_thread_in_native, id=6636, stack(0x000000001a700000,0x000000001a800000)]

Stack: [0x000000001a700000,0x000000001a800000]
[error occurred during error reporting (printing stack bounds), id 0xc0000005]

Native frames: (J=compiled Java code, j=interpreted, Vv=VM code, C=native code)


Current CompileTask:
C2:  54089 12603 %     4       org.objectweb.asm.ClassReader::accept @ 188 (1251 bytes)


---------------  P R O C E S S  ---------------

Java Threads: ( => current thread )
  0x000000001b94d800 JavaThread "WorkerExecutor Queue Thread 13" [_thread_blocked, id=8356, stack(0x000000002d4b0000,0x000000002d5b0000)]
  0x000000001b94b800 JavaThread "WorkerExecutor Queue Thread 12" [_thread_in_vm, id=12284, stack(0x000000002d3b0000,0x000000002d4b0000)]
  0x000000001b94d000 JavaThread "WorkerExecutor Queue Thread 11" [_thread_blocked, id=468, stack(0x000000002d2b0000,0x000000002d3b0000)]
  0x000000001b943800 JavaThread "WorkerExecutor Queue Thread 10" [_thread_blocked, id=12828, stack(0x000000002c370000,0x000000002c470000)]
  0x000000001b94a800 JavaThread "WorkerExecutor Queue Thread 9" [_thread_blocked, id=9584, stack(0x000000002c270000,0x000000002c370000)]
  0x000000001b94a000 JavaThread "WorkerExecutor Queue Thread 8" [_thread_blocked, id=12112, stack(0x000000002bf70000,0x000000002c070000)]
  0x000000001b949000 JavaThread "WorkerExecutor Queue Thread 7" [_thread_blocked, id=5636, stack(0x000000002be70000,0x000000002bf70000)]
  0x000000001b948800 JavaThread "WorkerExecutor Queue Thread 6" [_thread_blocked, id=12644, stack(0x000000002bd70000,0x000000002be70000)]
  0x000000001b945800 JavaThread "WorkerExecutor Queue Thread 5" [_thread_blocked, id=11588, stack(0x000000002bc70000,0x000000002bd70000)]
  0x000000001b940800 JavaThread "WorkerExecutor Queue Thread 4" [_thread_blocked, id=4844, stack(0x000000002b310000,0x000000002b410000)]
  0x000000001b943000 JavaThread "WorkerExecutor Queue Thread 3" [_thread_blocked, id=1476, stack(0x000000002b0f0000,0x000000002b1f0000)]
  0x000000001fce0800 JavaThread "Cache worker for Java compile cache (C:\android\AccountingFinances\.gradle\6.1.1\javaCompile)" [_thread_blocked, id=8444, stack(0x000000002a860000,0x000000002a960000)]
  0x000000001fce2800 JavaThread "Cache worker for Java compile cache (C:\Users\Acer\.gradle\caches\6.1.1\javaCompile)" [_thread_blocked, id=12576, stack(0x000000002a4f0000,0x000000002a5f0000)]
  0x000000001fcd6800 JavaThread "stdout" [_thread_in_native, id=13460, stack(0x000000002abe0000,0x000000002ace0000)]
  0x000000001fcdd800 JavaThread "stderr" [_thread_in_native, id=1376, stack(0x000000002aae0000,0x000000002abe0000)]
  0x000000001fcd6000 JavaThread "pool-4-thread-1" [_thread_blocked, id=7540, stack(0x000000002a9e0000,0x000000002aae0000)]
  0x000000001fcdc800 JavaThread "WorkerExecutor Queue Thread 2" [_thread_in_Java, id=2640, stack(0x000000002a760000,0x000000002a860000)]
  0x000000001fcdc000 JavaThread "WorkerExecutor Queue" [_thread_blocked, id=7824, stack(0x000000002a660000,0x000000002a760000)]
  0x000000001fcd4800 JavaThread "Cache worker for execution history cache (C:\android\AccountingFinances\.gradle\6.1.1\executionHistory)" [_thread_blocked, id=13952, stack(0x000000002a3f0000,0x000000002a4f0000)]
  0x000000001fcdb000 JavaThread "Execution worker for ':' Thread 11" [_thread_blocked, id=6656, stack(0x000000002a2f0000,0x000000002a3f0000)]
  0x000000001fcda800 JavaThread "Execution worker for ':' Thread 10" [_thread_blocked, id=10936, stack(0x000000002a1f0000,0x000000002a2f0000)]
  0x000000001fcd8000 JavaThread "Execution worker for ':' Thread 9" [_thread_blocked, id=11328, stack(0x000000002a0f0000,0x000000002a1f0000)]
  0x000000001fcd9800 JavaThread "Execution worker for ':' Thread 8" [_thread_blocked, id=10004, stack(0x0000000029ff0000,0x000000002a0f0000)]
  0x000000001fcd7800 JavaThread "Execution worker for ':' Thread 7" [_thread_blocked, id=11008, stack(0x0000000029cf0000,0x0000000029df0000)]
  0x000000002492f800 JavaThread "Execution worker for ':' Thread 6" [_thread_blocked, id=3636, stack(0x00000000298e0000,0x00000000299e0000)]
  0x0000000024928000 JavaThread "Execution worker for ':' Thread 5" [_thread_blocked, id=552, stack(0x00000000295e0000,0x00000000296e0000)]
  0x000000002492f000 JavaThread "Execution worker for ':' Thread 4" [_thread_blocked, id=3108, stack(0x00000000294e0000,0x00000000295e0000)]
  0x0000000024927800 JavaThread "Execution worker for ':' Thread 3" [_thread_blocked, id=12940, stack(0x00000000293e0000,0x00000000294e0000)]
  0x000000002492d800 JavaThread "Execution worker for ':' Thread 2" [_thread_blocked, id=2192, stack(0x00000000292e0000,0x00000000293e0000)]
  0x000000002492e000 JavaThread "Execution worker for ':'" [_thread_blocked, id=10152, stack(0x00000000291e0000,0x00000000292e0000)]
  0x000000002492c000 JavaThread "Cache worker for file content cache (C:\android\AccountingFinances\.gradle\6.1.1\fileContent)" [_thread_blocked, id=2856, stack(0x00000000290e0000,0x00000000291e0000)]
  0x0000000024923800 JavaThread "Cache worker for Build Output Cleanup Cache (C:\android\AccountingFinances\.gradle\buildOutputCleanup)" [_thread_blocked, id=6948, stack(0x0000000028fe0000,0x00000000290e0000)]
  0x0000000024926800 JavaThread "pool-3-thread-1" [_thread_blocked, id=13236, stack(0x0000000028ee0000,0x0000000028fe0000)]
  0x000000002492a800 JavaThread "Build operations Thread 12" [_thread_blocked, id=7520, stack(0x0000000028de0000,0x0000000028ee0000)]
  0x0000000024926000 JavaThread "Build operations Thread 11" [_thread_blocked, id=2868, stack(0x00000000286e0000,0x00000000287e0000)]
  0x0000000024925000 JavaThread "Build operations Thread 10" [_thread_blocked, id=10996, stack(0x0000000026810000,0x0000000026910000)]
  0x0000000024929800 JavaThread "Build operations Thread 9" [_thread_blocked, id=2752, stack(0x0000000026510000,0x0000000026610000)]
  0x0000000024922000 JavaThread "Build operations Thread 8" [_thread_blocked, id=10724, stack(0x0000000026010000,0x0000000026110000)]
  0x0000000024929000 JavaThread "Build operations Thread 7" [_thread_blocked, id=12680, stack(0x0000000025f10000,0x0000000026010000)]
  0x0000000024920800 JavaThread "Build operations Thread 6" [_thread_blocked, id=10952, stack(0x0000000025e10000,0x0000000025f10000)]
  0x00000000203c5800 JavaThread "Build operations Thread 5" [_thread_blocked, id=4704, stack(0x0000000025d10000,0x0000000025e10000)]
  0x00000000203c8000 JavaThread "Build operations Thread 4" [_thread_blocked, id=11480, stack(0x0000000025c10000,0x0000000025d10000)]
  0x00000000203cb800 JavaThread "Build operations Thread 3" [_thread_blocked, id=6172, stack(0x0000000025b10000,0x0000000025c10000)]
  0x00000000203cb000 JavaThread "Build operations Thread 2" [_thread_blocked, id=10332, stack(0x0000000025a10000,0x0000000025b10000)]
  0x00000000203c8800 JavaThread "Build operations" [_thread_blocked, id=6688, stack(0x0000000025910000,0x0000000025a10000)]
  0x00000000203c3800 JavaThread "Cache worker for cache directory md-rule (C:\Users\Acer\.gradle\caches\6.1.1\md-rule)" [_thread_blocked, id=8296, stack(0x0000000025810000,0x0000000025910000)]
  0x00000000203ca000 JavaThread "Cache worker for cache directory md-supplier (C:\Users\Acer\.gradle\caches\6.1.1\md-supplier)" [_thread_blocked, id=2552, stack(0x0000000025710000,0x0000000025810000)]
  0x00000000203c5000 JavaThread "Cache worker for file hash cache (C:\android\AccountingFinances\.gradle\6.1.1\fileHashes)" [_thread_blocked, id=4804, stack(0x0000000025610000,0x0000000025710000)]
  0x00000000203c1000 JavaThread "Cache worker for checksums cache (C:\android\AccountingFinances\.gradle\checksums)" [_thread_blocked, id=10620, stack(0x00000000242f0000,0x00000000243f0000)]
  0x00000000203c0800 JavaThread "Thread-63" [_thread_blocked, id=11876, stack(0x0000000022680000,0x0000000022780000)]
  0x00000000203c2800 JavaThread "Stdin handler" [_thread_blocked, id=2328, stack(0x0000000021300000,0x0000000021400000)]
  0x00000000203bf800 JavaThread "Asynchronous log dispatcher for DefaultDaemonConnection: socket connection from /127.0.0.1:63217 to /127.0.0.1:63230" [_thread_blocked, id=1464, stack(0x0000000021000000,0x0000000021100000)]
  0x00000000203c6800 JavaThread "Cancel handler" [_thread_blocked, id=11196, stack(0x0000000020f00000,0x0000000021000000)]
  0x00000000203c2000 JavaThread "Handler for socket connection from /127.0.0.1:63217 to /127.0.0.1:63230" [_thread_in_native, id=10524, stack(0x000000001e760000,0x000000001e860000)]
  0x00000000203ce800 JavaThread "RMI TCP Connection(2)-127.0.0.1" daemon [_thread_in_native, id=4916, stack(0x000000002cd70000,0x000000002ce70000)]
  0x00000000203c7000 JavaThread "RMI Reaper" [_thread_blocked, id=13468, stack(0x000000002cc70000,0x000000002cd70000)]
  0x00000000203ce000 JavaThread "RMI TCP Accept-0" daemon [_thread_in_native, id=4188, stack(0x000000002cb70000,0x000000002cc70000)]
  0x00000000203cd000 JavaThread "GC Daemon" daemon [_thread_blocked, id=4552, stack(0x000000002ca70000,0x000000002cb70000)]
  0x00000000203c9800 JavaThread "RMI RenewClean-[127.0.0.1:17200,org.jetbrains.kotlin.daemon.common.LoopbackNetworkInterface$ClientLoopbackSocketFactory@676e1e56]" daemon [_thread_in_native, id=7504, stack(0x000000002c970000,0x000000002ca70000)]
  0x00000000203cc800 JavaThread "RMI Scheduler(0)" daemon [_thread_blocked, id=1664, stack(0x000000002c870000,0x000000002c970000)]
  0x000000001b94c000 JavaThread "MarlinRenderer Disposer" daemon [_thread_blocked, id=9340, stack(0x000000002b210000,0x000000002b310000)]
  0x000000001b947800 JavaThread "Java2D Disposer" daemon [_thread_blocked, id=3148, stack(0x000000002aef0000,0x000000002aff0000)]
  0x0000000024923000 JavaThread "Cache worker for file content cache (C:\Users\Acer\.gradle\caches\6.1.1\fileContent)" [_thread_blocked, id=10180, stack(0x00000000285e0000,0x00000000286e0000)]
  0x000000001fcdf000 JavaThread "Memory manager" [_thread_blocked, id=12024, stack(0x00000000284e0000,0x00000000285e0000)]
  0x000000001cc0a000 JavaThread "Cache worker for execution history cache (C:\Users\Acer\.gradle\caches\6.1.1\executionHistory)" [_thread_blocked, id=5740, stack(0x0000000022780000,0x0000000022880000)]
  0x000000001cc0d800 JavaThread "Cache worker for file hash cache (C:\Users\Acer\.gradle\caches\6.1.1\fileHashes)" [_thread_blocked, id=9420, stack(0x000000001ec60000,0x000000001ed60000)]
  0x000000001cc10000 JavaThread "File lock request listener" [_thread_in_native, id=9996, stack(0x000000001eb60000,0x000000001ec60000)]
  0x000000001cc01800 JavaThread "Cache worker for journal cache (C:\Users\Acer\.gradle\caches\journal-1)" [_thread_blocked, id=4968, stack(0x000000001ea60000,0x000000001eb60000)]
  0x000000001cbba800 JavaThread "Daemon worker" [_thread_blocked, id=6900, stack(0x000000001e460000,0x000000001e560000)]
  0x000000001cb1b000 JavaThread "Daemon" [_thread_blocked, id=4808, stack(0x000000001de60000,0x000000001df60000)]
  0x000000001cb06000 JavaThread "Daemon periodic checks" [_thread_blocked, id=8624, stack(0x000000001dd60000,0x000000001de60000)]
  0x000000001cafc000 JavaThread "Incoming local TCP Connector on port 63217" [_thread_in_native, id=8236, stack(0x000000001db10000,0x000000001dc10000)]
  0x000000001c78a800 JavaThread "Daemon health stats" [_thread_blocked, id=2576, stack(0x000000001c4d0000,0x000000001c5d0000)]
  0x0000000019145000 JavaThread "Service Thread" daemon [_thread_blocked, id=10672, stack(0x000000001ab00000,0x000000001ac00000)]
  0x00000000190b8000 JavaThread "C1 CompilerThread3" daemon [_thread_in_native, id=12056, stack(0x000000001aa00000,0x000000001ab00000)]
  0x00000000190b7000 JavaThread "C2 CompilerThread2" daemon [_thread_in_native, id=11072, stack(0x000000001a900000,0x000000001aa00000)]
  0x00000000190b2000 JavaThread "C2 CompilerThread1" daemon [_thread_in_native, id=14148, stack(0x000000001a800000,0x000000001a900000)]
=>0x00000000179ba000 JavaThread "C2 CompilerThread0" daemon [_thread_in_native, id=6636, stack(0x000000001a700000,0x000000001a800000)]
  0x00000000190a9800 JavaThread "Attach Listener" daemon [_thread_blocked, id=11220, stack(0x000000001a600000,0x000000001a700000)]
  0x00000000190b0000 JavaThread "Signal Dispatcher" daemon [_thread_blocked, id=12916, stack(0x000000001a500000,0x000000001a600000)]
  0x000000000273c800 JavaThread "Finalizer" daemon [_thread_blocked, id=10764, stack(0x000000001a300000,0x000000001a400000)]
  0x0000000019093000 JavaThread "Reference Handler" daemon [_thread_blocked, id=8984, stack(0x000000001a200000,0x000000001a300000)]
  0x0000000002643800 JavaThread "main" [_thread_blocked, id=7056, stack(0x0000000002540000,0x0000000002640000)]

Other Threads:
  0x00000000179a5800 VMThread [stack: 0x000000001a100000,0x000000001a200000] [id=2840]
  0x0000000019146800 WatcherThread [stack: 0x000000001ac00000,0x000000001ad00000] [id=13064]

VM state:not at safepoint (normal execution)

VM Mutex/Monitor currently owned by a thread: None

heap address: 0x0000000080000000, size: 2048 MB, Compressed Oops mode: 32-bit
Narrow klass base: 0x0000000000000000, Narrow klass shift: 3
Compressed class space size: 1073741824 Address: 0x0000000100000000

Heap:
 PSYoungGen      total 405504K, used 236653K [0x00000000d5580000, 0x00000000eff80000, 0x0000000100000000)
  eden space 374784K, 58% used [0x00000000d5580000,0x00000000e29e1e98,0x00000000ec380000)
  from space 30720K, 62% used [0x00000000ec380000,0x00000000ed639640,0x00000000ee180000)
  to   space 21504K, 0% used [0x00000000eea80000,0x00000000eea80000,0x00000000eff80000)
 ParOldGen       total 114688K, used 61762K [0x0000000080000000, 0x0000000087000000, 0x00000000d5580000)
  object space 114688K, 53% used [0x0000000080000000,0x0000000083c50bf8,0x0000000087000000)
 Metaspace       used 89749K, capacity 95470K, committed 95640K, reserved 1132544K
  class space    used 11941K, capacity 12938K, committed 12976K, reserved 1048576K

Card table byte_map: [0x0000000011b00000,0x0000000011f10000] byte_map_base: 0x0000000011700000

Marking Bits: (ParMarkBitMap*) 0x000000005504f030
 Begin Bits: [0x0000000012bc0000, 0x0000000014bc0000)
 End Bits:   [0x0000000014bc0000, 0x0000000016bc0000)

Polling page: 0x0000000000d80000

CodeCache: size=245760Kb used=35241Kb max_used=35296Kb free=210518Kb
 bounds [0x0000000002740000, 0x0000000004a10000, 0x0000000011740000]
 total_blobs=12208 nmethods=11190 adapters=929
 compilation: enabled

Compilation events (10 events):
Event: 54.088 Thread 0x00000000190b8000 nmethod 13255 0x000000000424da90 code [0x000000000424dc00, 0x000000000424de88]
Event: 54.088 Thread 0x00000000190b8000 13261       3       java.util.TreeSet::floor (11 bytes)
Event: 54.088 Thread 0x00000000190b8000 nmethod 13261 0x000000000424d650 code [0x000000000424d7c0, 0x000000000424d9e8]
Event: 54.088 Thread 0x00000000190b8000 13270       3       java.util.Arrays::hashCode (44 bytes)
Event: 54.088 Thread 0x00000000190b8000 nmethod 13270 0x000000000424d190 code [0x000000000424d300, 0x000000000424d550]
Event: 54.088 Thread 0x00000000190b8000 13268       3       com.android.tools.r8.graph.e0::a (129 bytes)
Event: 54.088 Thread 0x00000000190b8000 nmethod 13268 0x0000000002df1990 code [0x0000000002df1b00, 0x0000000002df1e30]
Event: 54.088 Thread 0x00000000190b8000 13269       3       com.android.tools.r8.graph.e0::a (23 bytes)
Event: 54.089 Thread 0x00000000190b8000 nmethod 13269 0x000000000424cd50 code [0x000000000424cea0, 0x000000000424d0b0]
Event: 54.089 Thread 0x00000000190b8000 13271       3       com.android.tools.r8.graph.e0::a (89 bytes)

GC Heap History (10 events):
Event: 5.557 GC heap before
{Heap before GC invocations=12 (full 2):
 PSYoungGen      total 247296K, used 64761K [0x00000000d5580000, 0x00000000eae00000, 0x0000000100000000)
  eden space 232448K, 21% used [0x00000000d5580000,0x00000000d86441a0,0x00000000e3880000)
  from space 14848K, 99% used [0x00000000e3880000,0x00000000e46fa4f0,0x00000000e4700000)
  to   space 22016K, 0% used [0x00000000e9880000,0x00000000e9880000,0x00000000eae00000)
 ParOldGen       total 76800K, used 27874K [0x0000000080000000, 0x0000000084b00000, 0x00000000d5580000)
  object space 76800K, 36% used [0x0000000080000000,0x0000000081b38b88,0x0000000084b00000)
 Metaspace       used 57023K, capacity 59054K, committed 59160K, reserved 1099776K
  class space    used 7714K, capacity 8184K, committed 8240K, reserved 1048576K
Event: 5.569 GC heap after
Heap after GC invocations=12 (full 2):
 PSYoungGen      total 328192K, used 20062K [0x00000000d5580000, 0x00000000eb080000, 0x0000000100000000)
  eden space 306176K, 0% used [0x00000000d5580000,0x00000000d5580000,0x00000000e8080000)
  from space 22016K, 91% used [0x00000000e9880000,0x00000000eac17a38,0x00000000eae00000)
  to   space 24576K, 0% used [0x00000000e8080000,0x00000000e8080000,0x00000000e9880000)
 ParOldGen       total 76800K, used 27882K [0x0000000080000000, 0x0000000084b00000, 0x00000000d5580000)
  object space 76800K, 36% used [0x0000000080000000,0x0000000081b3ab88,0x0000000084b00000)
 Metaspace       used 57023K, capacity 59054K, committed 59160K, reserved 1099776K
  class space    used 7714K, capacity 8184K, committed 8240K, reserved 1048576K
}
Event: 5.569 GC heap before
{Heap before GC invocations=13 (full 3):
 PSYoungGen      total 328192K, used 20062K [0x00000000d5580000, 0x00000000eb080000, 0x0000000100000000)
  eden space 306176K, 0% used [0x00000000d5580000,0x00000000d5580000,0x00000000e8080000)
  from space 22016K, 91% used [0x00000000e9880000,0x00000000eac17a38,0x00000000eae00000)
  to   space 24576K, 0% used [0x00000000e8080000,0x00000000e8080000,0x00000000e9880000)
 ParOldGen       total 76800K, used 27882K [0x0000000080000000, 0x0000000084b00000, 0x00000000d5580000)
  object space 76800K, 36% used [0x0000000080000000,0x0000000081b3ab88,0x0000000084b00000)
 Metaspace       used 57023K, capacity 59054K, committed 59160K, reserved 1099776K
  class space    used 7714K, capacity 8184K, committed 8240K, reserved 1048576K
Event: 5.716 GC heap after
Heap after GC invocations=13 (full 3):
 PSYoungGen      total 328192K, used 0K [0x00000000d5580000, 0x00000000eb080000, 0x0000000100000000)
  eden space 306176K, 0% used [0x00000000d5580000,0x00000000d5580000,0x00000000e8080000)
  from space 22016K, 0% used [0x00000000e9880000,0x00000000e9880000,0x00000000eae00000)
  to   space 24576K, 0% used [0x00000000e8080000,0x00000000e8080000,0x00000000e9880000)
 ParOldGen       total 114688K, used 32568K [0x0000000080000000, 0x0000000087000000, 0x00000000d5580000)
  object space 114688K, 28% used [0x0000000080000000,0x0000000081fce128,0x0000000087000000)
 Metaspace       used 56983K, capacity 58922K, committed 59160K, reserved 1099776K
  class space    used 7702K, capacity 8162K, committed 8240K, reserved 1048576K
}
Event: 7.941 GC heap before
{Heap before GC invocations=14 (full 3):
 PSYoungGen      total 328192K, used 305166K [0x00000000d5580000, 0x00000000eb080000, 0x0000000100000000)
  eden space 306176K, 99% used [0x00000000d5580000,0x00000000e7f83b40,0x00000000e8080000)
  from space 22016K, 0% used [0x00000000e9880000,0x00000000e9880000,0x00000000eae00000)
  to   space 24576K, 0% used [0x00000000e8080000,0x00000000e8080000,0x00000000e9880000)
 ParOldGen       total 114688K, used 32568K [0x0000000080000000, 0x0000000087000000, 0x00000000d5580000)
  object space 114688K, 28% used [0x0000000080000000,0x0000000081fce128,0x0000000087000000)
 Metaspace       used 69401K, capacity 74180K, committed 74520K, reserved 1114112K
  class space    used 9562K, capacity 10463K, committed 10544K, reserved 1048576K
Event: 7.964 GC heap after
Heap after GC invocations=14 (full 3):
 PSYoungGen      total 330752K, used 24562K [0x00000000d5580000, 0x00000000f0900000, 0x0000000100000000)
  eden space 306176K, 0% used [0x00000000d5580000,0x00000000d5580000,0x00000000e8080000)
  from space 24576K, 99% used [0x00000000e8080000,0x00000000e987cbf8,0x00000000e9880000)
  to   space 31232K, 0% used [0x00000000eea80000,0x00000000eea80000,0x00000000f0900000)
 ParOldGen       total 114688K, used 40628K [0x0000000080000000, 0x0000000087000000, 0x00000000d5580000)
  object space 114688K, 35% used [0x0000000080000000,0x00000000827ad010,0x0000000087000000)
 Metaspace       used 69401K, capacity 74180K, committed 74520K, reserved 1114112K
  class space    used 9562K, capacity 10463K, committed 10544K, reserved 1048576K
}
Event: 10.647 GC heap before
{Heap before GC invocations=15 (full 3):
 PSYoungGen      total 330752K, used 330738K [0x00000000d5580000, 0x00000000f0900000, 0x0000000100000000)
  eden space 306176K, 100% used [0x00000000d5580000,0x00000000e8080000,0x00000000e8080000)
  from space 24576K, 99% used [0x00000000e8080000,0x00000000e987cbf8,0x00000000e9880000)
  to   space 31232K, 0% used [0x00000000eea80000,0x00000000eea80000,0x00000000f0900000)
 ParOldGen       total 114688K, used 40628K [0x0000000080000000, 0x0000000087000000, 0x00000000d5580000)
  object space 114688K, 35% used [0x0000000080000000,0x00000000827ad010,0x0000000087000000)
 Metaspace       used 76033K, capacity 80924K, committed 81176K, reserved 1120256K
  class space    used 10364K, capacity 11265K, committed 11312K, reserved 1048576K
Event: 10.666 GC heap after
Heap after GC invocations=15 (full 3):
 PSYoungGen      total 396288K, used 16479K [0x00000000d5580000, 0x00000000eff80000, 0x0000000100000000)
  eden space 374784K, 0% used [0x00000000d5580000,0x00000000d5580000,0x00000000ec380000)
  from space 21504K, 76% used [0x00000000eea80000,0x00000000efa97d58,0x00000000eff80000)
  to   space 30720K, 0% used [0x00000000ec380000,0x00000000ec380000,0x00000000ee180000)
 ParOldGen       total 114688K, used 61754K [0x0000000080000000, 0x0000000087000000, 0x00000000d5580000)
  object space 114688K, 53% used [0x0000000080000000,0x0000000083c4ebf8,0x0000000087000000)
 Metaspace       used 76033K, capacity 80924K, committed 81176K, reserved 1120256K
  class space    used 10364K, capacity 11265K, committed 11312K, reserved 1048576K
}
Event: 52.823 GC heap before
{Heap before GC invocations=16 (full 3):
 PSYoungGen      total 396288K, used 391263K [0x00000000d5580000, 0x00000000eff80000, 0x0000000100000000)
  eden space 374784K, 100% used [0x00000000d5580000,0x00000000ec380000,0x00000000ec380000)
  from space 21504K, 76% used [0x00000000eea80000,0x00000000efa97d58,0x00000000eff80000)
  to   space 30720K, 0% used [0x00000000ec380000,0x00000000ec380000,0x00000000ee180000)
 ParOldGen       total 114688K, used 61754K [0x0000000080000000, 0x0000000087000000, 0x00000000d5580000)
  object space 114688K, 53% used [0x0000000080000000,0x0000000083c4ebf8,0x0000000087000000)
 Metaspace       used 82382K, capacity 87610K, committed 87704K, reserved 1124352K
  class space    used 10957K, capacity 11886K, committed 11952K, reserved 1048576K
Event: 52.837 GC heap after
Heap after GC invocations=16 (full 3):
 PSYoungGen      total 405504K, used 19173K [0x00000000d5580000, 0x00000000eff80000, 0x0000000100000000)
  eden space 374784K, 0% used [0x00000000d5580000,0x00000000d5580000,0x00000000ec380000)
  from space 30720K, 62% used [0x00000000ec380000,0x00000000ed639640,0x00000000ee180000)
  to   space 21504K, 0% used [0x00000000eea80000,0x00000000eea80000,0x00000000eff80000)
 ParOldGen       total 114688K, used 61762K [0x0000000080000000, 0x0000000087000000, 0x00000000d5580000)
  object space 114688K, 53% used [0x0000000080000000,0x0000000083c50bf8,0x0000000087000000)
 Metaspace       used 82382K, capacity 87610K, committed 87704K, reserved 1124352K
  class space    used 10957K, capacity 11886K, committed 11952K, reserved 1048576K
}

Deoptimization events (10 events):
Event: 53.806 Thread 0x000000001fcda800 Uncommon trap: reason=unstable_if action=reinterpret pc=0x00000000039efde4 method=java.io.BufferedOutputStream.write(I)V @ 9
Event: 53.932 Thread 0x000000001fcdc800 Uncommon trap: reason=unstable_if action=reinterpret pc=0x0000000003058ae0 method=java.util.regex.Matcher.match(II)Z @ 30
Event: 53.932 Thread 0x000000001fcdc800 Uncommon trap: reason=bimorphic action=maybe_recompile pc=0x0000000002c41dac method=java.util.regex.Pattern$Slice.match(Ljava/util/regex/Matcher;ILjava/lang/CharSequence;)Z @ 75
Event: 53.933 Thread 0x000000001fcdc800 Uncommon trap: reason=bimorphic action=maybe_recompile pc=0x0000000002c41dac method=java.util.regex.Pattern$Slice.match(Ljava/util/regex/Matcher;ILjava/lang/CharSequence;)Z @ 75
Event: 53.933 Thread 0x000000001fcdc800 Uncommon trap: reason=unstable_if action=reinterpret pc=0x0000000002c41d8c method=java.util.regex.Matcher.match(II)Z @ 30
Event: 53.933 Thread 0x000000001fcdc800 Uncommon trap: reason=unstable_if action=reinterpret pc=0x000000000342b1a0 method=java.util.regex.Pattern$LastNode.match(Ljava/util/regex/Matcher;ILjava/lang/CharSequence;)Z @ 13
Event: 53.934 Thread 0x000000001fcdc800 Uncommon trap: reason=unstable_if action=reinterpret pc=0x000000000363ce00 method=java.util.regex.Pattern.newSlice([IIZ)Ljava/util/regex/Pattern$Node; @ 10
Event: 53.949 Thread 0x000000002492e000 Uncommon trap: reason=class_check action=maybe_recompile pc=0x0000000002bb3a24 method=java.security.MessageDigest$Delegate.clone()Ljava/lang/Object; @ 4
Event: 53.979 Thread 0x000000001fcdc800 Uncommon trap: reason=unstable_if action=reinterpret pc=0x00000000030a4c80 method=sun.nio.fs.WindowsPathParser.nextNonSlash(Ljava/lang/String;II)I @ 2
Event: 53.998 Thread 0x000000001fcdc800 Uncommon trap: reason=unstable_if action=reinterpret pc=0x0000000002b5b294 method=java.nio.Bits.getShort(Ljava/nio/ByteBuffer;IZ)S @ 1

Classes redefined (0 events):
No events

Internal exceptions (10 events):
Event: 53.903 Thread 0x000000001fcda800 Exception <a 'sun/nio/fs/WindowsException'> (0x00000000dfda1fb8) thrown at [C:\src\AOSP-openjdk-git\hotspot\src\share\vm\prims\jni.cpp, line 710]
Event: 53.903 Thread 0x000000001cbba800 Exception <a 'sun/nio/fs/WindowsException'> (0x00000000da0170e8) thrown at [C:\src\AOSP-openjdk-git\hotspot\src\share\vm\prims\jni.cpp, line 710]
Event: 53.903 Thread 0x000000001fcdb000 Exception <a 'sun/nio/fs/WindowsException'> (0x00000000dfca28b8) thrown at [C:\src\AOSP-openjdk-git\hotspot\src\share\vm\prims\jni.cpp, line 710]
Event: 53.904 Thread 0x0000000024928000 Exception <a 'sun/nio/fs/WindowsException'> (0x00000000e0391838) thrown at [C:\src\AOSP-openjdk-git\hotspot\src\share\vm\prims\jni.cpp, line 710]
Event: 53.905 Thread 0x000000001fcdc800 Exception <a 'java/lang/NoSuchMethodError': java.lang.Object.lambda$asRunnable$0(Lcom/android/tools/build/apkzlib/utils/IOExceptionRunnable;)V> (0x00000000e0bebe38) thrown at [C:\src\AOSP-openjdk-git\hotspot\src\share\vm\interpreter\linkResolver.cpp, line
Event: 53.952 Thread 0x000000002492e000 Exception <a 'sun/nio/fs/WindowsException'> (0x00000000e1038e88) thrown at [C:\src\AOSP-openjdk-git\hotspot\src\share\vm\prims\jni.cpp, line 710]
Event: 53.963 Thread 0x000000001fcdc800 Exception <a 'java/lang/NoSuchMethodError': java.lang.Object.newSystemTemporaryDirectory()Lcom/android/tools/build/apkzlib/bytestorage/TemporaryDirectory;> (0x00000000e128b420) thrown at [C:\src\AOSP-openjdk-git\hotspot\src\share\vm\interpreter\linkResolv
Event: 53.968 Thread 0x000000002492e000 Exception <a 'java/lang/NoSuchMethodError': <clinit>> (0x00000000e132d4c0) thrown at [C:\src\AOSP-openjdk-git\hotspot\src\share\vm\prims\jni.cpp, line 1615]
Event: 53.987 Thread 0x000000001b94b800 Exception <a 'java/lang/NoSuchMethodError': java.lang.Object.lambda$static$0(Ljava/lang/String;)Z> (0x00000000e16d51c0) thrown at [C:\src\AOSP-openjdk-git\hotspot\src\share\vm\interpreter\linkResolver.cpp, line 620]
Event: 54.051 Thread 0x000000001b948800 Exception <a 'sun/nio/fs/WindowsException'> (0x00000000e2104778) thrown at [C:\src\AOSP-openjdk-git\hotspot\src\share\vm\prims\jni.cpp, line 710]

Events (10 events):
Event: 54.086 loading class com/android/tools/r8/v/a/a/a/h/h0
Event: 54.086 loading class com/android/tools/r8/v/a/a/a/h/h0 done
Event: 54.086 loading class com/android/tools/r8/v/a/a/a/c
Event: 54.086 loading class com/android/tools/r8/v/a/a/a/c done
Event: 54.087 loading class com/android/tools/r8/graph/H$f
Event: 54.087 loading class com/android/tools/r8/graph/H$f done
Event: 54.087 loading class com/android/tools/r8/graph/H
Event: 54.087 loading class com/android/tools/r8/graph/H done
Event: 54.087 loading class com/android/tools/r8/graph/H$i
Event: 54.087 loading class com/android/tools/r8/graph/H$i done


Dynamic libraries:
0x00007ff602130000 - 0x00007ff602161000 	C:\Program Files\Android\Android Studio\jre\bin\java.exe
0x00007ffcd6440000 - 0x00007ffcd6630000 	C:\WINDOWS\SYSTEM32\ntdll.dll
0x00007ffcd4670000 - 0x00007ffcd4722000 	C:\WINDOWS\System32\KERNEL32.DLL
0x00007ffcd4060000 - 0x00007ffcd4305000 	C:\WINDOWS\System32\KERNELBASE.dll
0x00007ffcd45c0000 - 0x00007ffcd4663000 	C:\WINDOWS\System32\ADVAPI32.dll
0x00007ffcd50c0000 - 0x00007ffcd515e000 	C:\WINDOWS\System32\msvcrt.dll
0x00007ffcd62a0000 - 0x00007ffcd6337000 	C:\WINDOWS\System32\sechost.dll
0x00007ffcd5390000 - 0x00007ffcd54b0000 	C:\WINDOWS\System32\RPCRT4.dll
0x00007ffcd4e70000 - 0x00007ffcd5004000 	C:\WINDOWS\System32\USER32.dll
0x00007ffcd33c0000 - 0x00007ffcd33e1000 	C:\WINDOWS\System32\win32u.dll
0x00007ffcd5010000 - 0x00007ffcd5036000 	C:\WINDOWS\System32\GDI32.dll
0x00007ffcd3590000 - 0x00007ffcd3726000 	C:\WINDOWS\System32\gdi32full.dll
0x00007ffcd4310000 - 0x00007ffcd43ae000 	C:\WINDOWS\System32\msvcp_win.dll
0x00007ffcd3750000 - 0x00007ffcd384a000 	C:\WINDOWS\System32\ucrtbase.dll
0x00007ffcc0a40000 - 0x00007ffcc0cc4000 	C:\WINDOWS\WinSxS\amd64_microsoft.windows.common-controls_6595b64144ccf1df_6.0.18362.1198_none_9e820b57e45ad92f\COMCTL32.dll
0x00007ffcd5c50000 - 0x00007ffcd5f85000 	C:\WINDOWS\System32\combase.dll
0x00007ffcd3850000 - 0x00007ffcd38d0000 	C:\WINDOWS\System32\bcryptPrimitives.dll
0x00007ffcd6060000 - 0x00007ffcd608e000 	C:\WINDOWS\System32\IMM32.DLL
0x0000000053d10000 - 0x0000000053de2000 	C:\Program Files\Android\Android Studio\jre\jre\bin\msvcr100.dll
0x0000000054880000 - 0x00000000550cb000 	C:\Program Files\Android\Android Studio\jre\jre\bin\server\jvm.dll
0x00007ffcd63f0000 - 0x00007ffcd63f8000 	C:\WINDOWS\System32\PSAPI.DLL
0x00007ffccea10000 - 0x00007ffccea19000 	C:\WINDOWS\SYSTEM32\WSOCK32.dll
0x00007ffcd03d0000 - 0x00007ffcd03f4000 	C:\WINDOWS\SYSTEM32\WINMM.dll
0x00007ffccccc0000 - 0x00007ffccccca000 	C:\WINDOWS\SYSTEM32\VERSION.dll
0x00007ffcd6090000 - 0x00007ffcd60ff000 	C:\WINDOWS\System32\WS2_32.dll
0x00007ffcd03a0000 - 0x00007ffcd03cd000 	C:\WINDOWS\SYSTEM32\WINMMBASE.dll
0x00007ffcd33f0000 - 0x00007ffcd343a000 	C:\WINDOWS\System32\cfgmgr32.dll
0x00007ffcce970000 - 0x00007ffcce97f000 	C:\Program Files\Android\Android Studio\jre\jre\bin\verify.dll
0x00007ffcc2b10000 - 0x00007ffcc2b39000 	C:\Program Files\Android\Android Studio\jre\jre\bin\java.dll
0x00007ffccc4c0000 - 0x00007ffccc4d6000 	C:\Program Files\Android\Android Studio\jre\jre\bin\zip.dll
0x00007ffcd54b0000 - 0x00007ffcd5b97000 	C:\WINDOWS\System32\SHELL32.dll
0x00007ffcd6340000 - 0x00007ffcd63e9000 	C:\WINDOWS\System32\shcore.dll
0x00007ffcd38d0000 - 0x00007ffcd4051000 	C:\WINDOWS\System32\windows.storage.dll
0x00007ffcd3390000 - 0x00007ffcd33b3000 	C:\WINDOWS\System32\profapi.dll
0x00007ffcd3320000 - 0x00007ffcd336a000 	C:\WINDOWS\System32\powrprof.dll
0x00007ffcd32f0000 - 0x00007ffcd3300000 	C:\WINDOWS\System32\UMPDC.dll
0x00007ffcd44f0000 - 0x00007ffcd4542000 	C:\WINDOWS\System32\shlwapi.dll
0x00007ffcd3300000 - 0x00007ffcd3311000 	C:\WINDOWS\System32\kernel.appcore.dll
0x00007ffcd3730000 - 0x00007ffcd3747000 	C:\WINDOWS\System32\cryptsp.dll
0x00007ffcbe220000 - 0x00007ffcbe23a000 	C:\Program Files\Android\Android Studio\jre\jre\bin\net.dll
0x00007ffcd2b40000 - 0x00007ffcd2ba7000 	C:\WINDOWS\system32\mswsock.dll
0x00007ffcab690000 - 0x00007ffcab6a3000 	C:\Program Files\Android\Android Studio\jre\jre\bin\nio.dll
0x00007ffcaae70000 - 0x00007ffcaae96000 	C:\Users\Acer\.gradle\native\31\windows-amd64\native-platform.dll
0x00007ffcc67b0000 - 0x00007ffcc67bd000 	C:\Program Files\Android\Android Studio\jre\jre\bin\management.dll
0x00007ffcd26b0000 - 0x00007ffcd26e3000 	C:\WINDOWS\system32\rsaenh.dll
0x00007ffcd4410000 - 0x00007ffcd4436000 	C:\WINDOWS\System32\bcrypt.dll
0x00007ffcd3210000 - 0x00007ffcd3235000 	C:\WINDOWS\SYSTEM32\USERENV.dll
0x00007ffcd2d10000 - 0x00007ffcd2d1c000 	C:\WINDOWS\SYSTEM32\CRYPTBASE.dll
0x00007ffcd2850000 - 0x00007ffcd288a000 	C:\WINDOWS\SYSTEM32\IPHLPAPI.DLL
0x00007ffcd4550000 - 0x00007ffcd4558000 	C:\WINDOWS\System32\NSI.dll
0x00007ffcccca0000 - 0x00007ffccccb6000 	C:\WINDOWS\SYSTEM32\dhcpcsvc6.DLL
0x00007ffcccc80000 - 0x00007ffcccc9c000 	C:\WINDOWS\SYSTEM32\dhcpcsvc.DLL
0x00007ffcd2890000 - 0x00007ffcd295b000 	C:\WINDOWS\SYSTEM32\DNSAPI.dll
0x00007ffcd0600000 - 0x00007ffcd068f000 	C:\WINDOWS\system32\apphelp.dll
0x00007ffc743c0000 - 0x00007ffc7455c000 	C:\Program Files\Android\Android Studio\jre\jre\bin\awt.dll
0x00007ffcd5f90000 - 0x00007ffcd6055000 	C:\WINDOWS\System32\OLEAUT32.dll
0x00007ffcd0d20000 - 0x00007ffcd0d4d000 	C:\WINDOWS\SYSTEM32\dwmapi.dll
0x00007ffcd1080000 - 0x00007ffcd1640000 	C:\WINDOWS\SYSTEM32\d2d1.dll
0x00007ffcd0740000 - 0x00007ffcd07d9000 	C:\WINDOWS\system32\uxtheme.dll
0x00007ffcaaa10000 - 0x00007ffcaaa2e000 	C:\Users\Acer\AppData\Local\Temp\native-platform4752764291166406454dir\native-platform.dll

VM Arguments:
jvm_args: -Xmx2048m -Dfile.encoding=windows-1251 -Duser.country=RU -Duser.language=ru -Duser.variant 
java_command: org.gradle.launcher.daemon.bootstrap.GradleDaemon 6.1.1
java_class_path (initial): C:\Users\Acer\.gradle\wrapper\dists\gradle-6.1.1-all\cfmwm155h49vnt3hynmlrsdst\gradle-6.1.1\lib\gradle-launcher-6.1.1.jar
Launcher Type: SUN_STANDARD

Environment Variables:
USERNAME=Acer
OS=Windows_NT
PROCESSOR_IDENTIFIER=Intel64 Family 6 Model 158 Stepping 10, GenuineIntel



---------------  S Y S T E M  ---------------

OS: Windows 10.0 , 64 bit Build 18362 (10.0.18362.1110)

CPU:total 12 (initial active 12) (6 cores per cpu, 2 threads per core) family 6 model 158 stepping 10, cmov, cx8, fxsr, mmx, sse, sse2, sse3, ssse3, sse4.1, sse4.2, popcnt, avx, avx2, aes, clmul, erms, 3dnowpref, lzcnt, ht, tsc, tscinvbit, bmi1, bmi2, adx

Memory: 4k page, physical 8227124k(1373532k free), swap 10291508k(7196k free)

vm_info: OpenJDK 64-Bit Server VM (25.242-b01) for windows-amd64 JRE (1.8.0_242-release-1644-b01), built by "builder" with MS VC++ 10.0 (VS2010)

time: Wed Nov 18 02:03:40 2020
timezone: RTZ 4 (зима)
elapsed time: 54 seconds (0d 0h 0m 54s)

