#
# There is insufficient memory for the Java Runtime Environment to continue.
# Native memory allocation (malloc) failed to allocate 228976 bytes for Chunk::new
# Possible reasons:
#   The system is out of physical RAM or swap space
#   The process is running with CompressedOops enabled, and the Java Heap may be blocking the growth of the native heap
# Possible solutions:
#   Reduce memory load on the system
#   Increase physical memory or swap space
#   Check if swap backing store is full
#   Decrease Java heap size (-Xmx/-Xms)
#   Decrease number of Java threads
#   Decrease Java thread stack sizes (-Xss)
#   Set larger code cache with -XX:ReservedCodeCacheSize=
#   JVM is running with Unscaled Compressed Oops mode in which the Java heap is
#     placed in the first 4GB address space. The Java Heap base address is the
#     maximum limit for the native heap growth. Please use -XX:HeapBaseMinAddress
#     to set the Java Heap base and to place the Java Heap above 4GB virtual address.
# This output file may be truncated or incomplete.
#
#  Out of Memory Error (allocation.cpp:389), pid=9564, tid=0x000000000000096c
#
# JRE version: OpenJDK Runtime Environment (8.0_242-b01) (build 1.8.0_242-release-1644-b01)
# Java VM: OpenJDK 64-Bit Server VM (25.242-b01 mixed mode windows-amd64 compressed oops)
# Failed to write core dump. Minidumps are not enabled by default on client versions of Windows
#

---------------  T H R E A D  ---------------

Current thread (0x00000000183fe000):  JavaThread "C2 CompilerThread1" daemon [_thread_in_native, id=2412, stack(0x000000001b210000,0x000000001b310000)]

Stack: [0x000000001b210000,0x000000001b310000]
[error occurred during error reporting (printing stack bounds), id 0xc0000005]

Native frames: (J=compiled Java code, j=interpreted, Vv=VM code, C=native code)


Current CompileTask:
C2:   3359 3387 %     4       sun.nio.fs.WindowsPathParser::normalize @ 18 (233 bytes)


---------------  P R O C E S S  ---------------

Java Threads: ( => current thread )
  0x0000000020e85800 JavaThread "Build operations Thread 12" [_thread_blocked, id=12484, stack(0x0000000026bc0000,0x0000000026cc0000)]
  0x0000000020e82800 JavaThread "Build operations Thread 11" [_thread_blocked, id=9312, stack(0x0000000026ac0000,0x0000000026bc0000)]
  0x0000000020e81000 JavaThread "Build operations Thread 10" [_thread_blocked, id=12984, stack(0x00000000269c0000,0x0000000026ac0000)]
  0x0000000020e79800 JavaThread "Build operations Thread 9" [_thread_blocked, id=6248, stack(0x00000000268c0000,0x00000000269c0000)]
  0x0000000020e80800 JavaThread "Build operations Thread 8" [_thread_blocked, id=12080, stack(0x00000000267c0000,0x00000000268c0000)]
  0x0000000020e79000 JavaThread "Build operations Thread 7" [_thread_blocked, id=880, stack(0x00000000266c0000,0x00000000267c0000)]
  0x0000000020e7d800 JavaThread "Build operations Thread 6" [_thread_blocked, id=12284, stack(0x00000000265c0000,0x00000000266c0000)]
  0x0000000020e7c800 JavaThread "Build operations Thread 5" [_thread_blocked, id=1436, stack(0x00000000264c0000,0x00000000265c0000)]
  0x0000000020e7f800 JavaThread "Build operations Thread 4" [_thread_blocked, id=8692, stack(0x00000000263c0000,0x00000000264c0000)]
  0x0000000020e7b000 JavaThread "Build operations Thread 3" [_thread_blocked, id=11324, stack(0x00000000262c0000,0x00000000263c0000)]
  0x0000000020e7f000 JavaThread "Build operations Thread 2" [_thread_blocked, id=10024, stack(0x00000000261c0000,0x00000000262c0000)]
  0x0000000020e7c000 JavaThread "Build operations" [_thread_blocked, id=12108, stack(0x0000000023100000,0x0000000023200000)]
  0x000000001d7b0000 JavaThread "Cache worker for execution history cache (C:\Users\Acer\.gradle\caches\6.1.1\executionHistory)" [_thread_blocked, id=3480, stack(0x0000000021d90000,0x0000000021e90000)]
  0x000000001d7ad800 JavaThread "Cache worker for cache directory md-rule (C:\Users\Acer\.gradle\caches\6.1.1\md-rule)" [_thread_blocked, id=13876, stack(0x0000000021c90000,0x0000000021d90000)]
  0x000000001d7aa000 JavaThread "Cache worker for cache directory md-supplier (C:\Users\Acer\.gradle\caches\6.1.1\md-supplier)" [_thread_blocked, id=7236, stack(0x0000000021b90000,0x0000000021c90000)]
  0x000000001d7ab800 JavaThread "Cache worker for file hash cache (C:\android\AccountingFinances\.gradle\6.1.1\fileHashes)" [_thread_blocked, id=6272, stack(0x0000000020850000,0x0000000020950000)]
  0x000000001d7af000 JavaThread "Cache worker for checksums cache (C:\android\AccountingFinances\.gradle\checksums)" [_thread_blocked, id=7280, stack(0x000000001f740000,0x000000001f840000)]
  0x000000001d7a9000 JavaThread "Cache worker for file hash cache (C:\Users\Acer\.gradle\caches\6.1.1\fileHashes)" [_thread_blocked, id=9248, stack(0x000000001f640000,0x000000001f740000)]
  0x000000001d7ae800 JavaThread "File lock request listener" [_thread_in_native, id=13108, stack(0x000000001f540000,0x000000001f640000)]
  0x000000001d563000 JavaThread "Cache worker for journal cache (C:\Users\Acer\.gradle\caches\journal-1)" [_thread_blocked, id=13236, stack(0x000000001f440000,0x000000001f540000)]
  0x000000001d4bc000 JavaThread "Thread-9" [_thread_blocked, id=14272, stack(0x000000001f140000,0x000000001f240000)]
  0x000000001d4a4800 JavaThread "Stdin handler" [_thread_blocked, id=12564, stack(0x000000001f040000,0x000000001f140000)]
  0x000000001d3e1800 JavaThread "Asynchronous log dispatcher for DefaultDaemonConnection: socket connection from /127.0.0.1:62744 to /127.0.0.1:62745" [_thread_blocked, id=11024, stack(0x000000001ef40000,0x000000001f040000)]
  0x000000001d3de800 JavaThread "Daemon worker" [_thread_in_Java, id=12912, stack(0x000000001ee40000,0x000000001ef40000)]
  0x000000001d527000 JavaThread "Cancel handler" [_thread_blocked, id=13648, stack(0x000000001ec40000,0x000000001ed40000)]
  0x000000001d41d800 JavaThread "Handler for socket connection from /127.0.0.1:62744 to /127.0.0.1:62745" [_thread_in_native, id=13852, stack(0x000000001e940000,0x000000001ea40000)]
  0x000000001d434000 JavaThread "Daemon" [_thread_blocked, id=8588, stack(0x000000001e840000,0x000000001e940000)]
  0x000000001d01f800 JavaThread "Daemon periodic checks" [_thread_blocked, id=12444, stack(0x000000001e740000,0x000000001e840000)]
  0x000000001d41f800 JavaThread "Incoming local TCP Connector on port 62744" [_thread_in_native, id=7968, stack(0x000000001e4f0000,0x000000001e5f0000)]
  0x000000001c634000 JavaThread "Daemon health stats" [_thread_blocked, id=12384, stack(0x000000001deb0000,0x000000001dfb0000)]
  0x0000000019b5f000 JavaThread "Service Thread" daemon [_thread_blocked, id=304, stack(0x000000001b510000,0x000000001b610000)]
  0x0000000019ad6800 JavaThread "C1 CompilerThread3" daemon [_thread_in_native, id=14244, stack(0x000000001b410000,0x000000001b510000)]
  0x0000000019ad5800 JavaThread "C2 CompilerThread2" daemon [_thread_blocked, id=11124, stack(0x000000001b310000,0x000000001b410000)]
=>0x00000000183fe000 JavaThread "C2 CompilerThread1" daemon [_thread_in_native, id=2412, stack(0x000000001b210000,0x000000001b310000)]
  0x0000000019acb800 JavaThread "C2 CompilerThread0" daemon [_thread_blocked, id=8924, stack(0x000000001b110000,0x000000001b210000)]
  0x0000000019ac8800 JavaThread "Attach Listener" daemon [_thread_blocked, id=1344, stack(0x000000001b010000,0x000000001b110000)]
  0x0000000019acf800 JavaThread "Signal Dispatcher" daemon [_thread_blocked, id=5084, stack(0x000000001af10000,0x000000001b010000)]
  0x000000000317c000 JavaThread "Finalizer" daemon [_thread_blocked, id=13380, stack(0x000000001ad10000,0x000000001ae10000)]
  0x00000000183ec800 JavaThread "Reference Handler" daemon [_thread_blocked, id=12816, stack(0x000000001ac10000,0x000000001ad10000)]
  0x0000000003083800 JavaThread "main" [_thread_blocked, id=1944, stack(0x0000000002f80000,0x0000000003080000)]

Other Threads:
  0x0000000019a92800 VMThread [stack: 0x000000001ab10000,0x000000001ac10000] [id=12372]
  0x0000000019b60800 WatcherThread [stack: 0x000000001b610000,0x000000001b710000] [id=6832]

VM state:not at safepoint (normal execution)

VM Mutex/Monitor currently owned by a thread: None

heap address: 0x0000000080000000, size: 2048 MB, Compressed Oops mode: 32-bit
Narrow klass base: 0x0000000000000000, Narrow klass shift: 3
Compressed class space size: 1073741824 Address: 0x0000000100000000

Heap:
 PSYoungGen      total 244224K, used 36642K [0x00000000d5580000, 0x00000000e5400000, 0x0000000100000000)
  eden space 230912K, 15% used [0x00000000d5580000,0x00000000d79489b0,0x00000000e3700000)
  from space 13312K, 0% used [0x00000000e4700000,0x00000000e4700000,0x00000000e5400000)
  to   space 14848K, 0% used [0x00000000e3700000,0x00000000e3700000,0x00000000e4580000)
 ParOldGen       total 53248K, used 15990K [0x0000000080000000, 0x0000000083400000, 0x00000000d5580000)
  object space 53248K, 30% used [0x0000000080000000,0x0000000080f9da98,0x0000000083400000)
 Metaspace       used 35516K, capacity 36754K, committed 37032K, reserved 1081344K
  class space    used 4884K, capacity 5184K, committed 5296K, reserved 1048576K

Card table byte_map: [0x0000000012540000,0x0000000012950000] byte_map_base: 0x0000000012140000

Marking Bits: (ParMarkBitMap*) 0x000000005504f030
 Begin Bits: [0x0000000013600000, 0x0000000015600000)
 End Bits:   [0x0000000015600000, 0x0000000017600000)

Polling page: 0x0000000001160000

CodeCache: size=245760Kb used=12042Kb max_used=12042Kb free=233717Kb
 bounds [0x0000000003180000, 0x0000000003d50000, 0x0000000012180000]
 total_blobs=4099 nmethods=3397 adapters=613
 compilation: enabled

Compilation events (10 events):
Event: 3.357 Thread 0x0000000019acb800 nmethod 3389 0x0000000003d35290 code [0x0000000003d353e0, 0x0000000003d355a8]
Event: 3.357 Thread 0x0000000019acb800 3392       4       com.google.common.cache.LocalCache::rehash (49 bytes)
Event: 3.357 Thread 0x0000000019acb800 nmethod 3392 0x0000000003d406d0 code [0x0000000003d40800, 0x0000000003d40898]
Event: 3.357 Thread 0x0000000019ad5800 nmethod 3390 0x0000000003d41390 code [0x0000000003d414e0, 0x0000000003d41838]
Event: 3.358 Thread 0x0000000019ad6800 nmethod 3393 0x0000000003d440d0 code [0x0000000003d44360, 0x0000000003d45a28]
Event: 3.358 Thread 0x0000000019ad6800 3394       3       com.google.common.cache.LocalCache$Segment::postWriteCleanup (5 bytes)
Event: 3.358 Thread 0x0000000019ad6800 nmethod 3394 0x0000000003d40b50 code [0x0000000003d40ce0, 0x0000000003d411e8]
Event: 3.358 Thread 0x0000000019ad6800 3395       3       org.gradle.cache.internal.DefaultFileLockManager$DefaultFileLock::assertOpen (18 bytes)
Event: 3.358 Thread 0x0000000019ad6800 nmethod 3395 0x0000000003d34dd0 code [0x0000000003d34f40, 0x0000000003d351a8]
Event: 3.358 Thread 0x0000000019ad6800 3396       3       java.util.Optional::map (30 bytes)

GC Heap History (10 events):
Event: 1.987 GC heap before
{Heap before GC invocations=6 (full 0):
 PSYoungGen      total 70656K, used 8685K [0x00000000d5580000, 0x00000000dee80000, 0x0000000100000000)
  eden space 65536K, 5% used [0x00000000d5580000,0x00000000d58ff4d8,0x00000000d9580000)
  from space 5120K, 99% used [0x00000000d9580000,0x00000000d9a7c040,0x00000000d9a80000)
  to   space 12800K, 0% used [0x00000000de200000,0x00000000de200000,0x00000000dee80000)
 ParOldGen       total 86016K, used 10715K [0x0000000080000000, 0x0000000085400000, 0x00000000d5580000)
  object space 86016K, 12% used [0x0000000080000000,0x0000000080a76d20,0x0000000085400000)
 Metaspace       used 20707K, capacity 21272K, committed 21296K, reserved 1067008K
  class space    used 2907K, capacity 3120K, committed 3120K, reserved 1048576K
Event: 1.990 GC heap after
Heap after GC invocations=6 (full 0):
 PSYoungGen      total 142848K, used 5431K [0x00000000d5580000, 0x00000000ded80000, 0x0000000100000000)
  eden space 131072K, 0% used [0x00000000d5580000,0x00000000d5580000,0x00000000dd580000)
  from space 11776K, 46% used [0x00000000de200000,0x00000000de74dff0,0x00000000ded80000)
  to   space 12288K, 0% used [0x00000000dd580000,0x00000000dd580000,0x00000000de180000)
 ParOldGen       total 86016K, used 10723K [0x0000000080000000, 0x0000000085400000, 0x00000000d5580000)
  object space 86016K, 12% used [0x0000000080000000,0x0000000080a78d20,0x0000000085400000)
 Metaspace       used 20707K, capacity 21272K, committed 21296K, reserved 1067008K
  class space    used 2907K, capacity 3120K, committed 3120K, reserved 1048576K
}
Event: 1.990 GC heap before
{Heap before GC invocations=7 (full 1):
 PSYoungGen      total 142848K, used 5431K [0x00000000d5580000, 0x00000000ded80000, 0x0000000100000000)
  eden space 131072K, 0% used [0x00000000d5580000,0x00000000d5580000,0x00000000dd580000)
  from space 11776K, 46% used [0x00000000de200000,0x00000000de74dff0,0x00000000ded80000)
  to   space 12288K, 0% used [0x00000000dd580000,0x00000000dd580000,0x00000000de180000)
 ParOldGen       total 86016K, used 10723K [0x0000000080000000, 0x0000000085400000, 0x00000000d5580000)
  object space 86016K, 12% used [0x0000000080000000,0x0000000080a78d20,0x0000000085400000)
 Metaspace       used 20707K, capacity 21272K, committed 21296K, reserved 1067008K
  class space    used 2907K, capacity 3120K, committed 3120K, reserved 1048576K
Event: 2.013 GC heap after
Heap after GC invocations=7 (full 1):
 PSYoungGen      total 142848K, used 0K [0x00000000d5580000, 0x00000000ded80000, 0x0000000100000000)
  eden space 131072K, 0% used [0x00000000d5580000,0x00000000d5580000,0x00000000dd580000)
  from space 11776K, 0% used [0x00000000de200000,0x00000000de200000,0x00000000ded80000)
  to   space 12288K, 0% used [0x00000000dd580000,0x00000000dd580000,0x00000000de180000)
 ParOldGen       total 53248K, used 7153K [0x0000000080000000, 0x0000000083400000, 0x00000000d5580000)
  object space 53248K, 13% used [0x0000000080000000,0x00000000806fc6e0,0x0000000083400000)
 Metaspace       used 20707K, capacity 21272K, committed 21296K, reserved 1067008K
  class space    used 2907K, capacity 3120K, committed 3120K, reserved 1048576K
}
Event: 2.853 GC heap before
{Heap before GC invocations=8 (full 1):
 PSYoungGen      total 142848K, used 131072K [0x00000000d5580000, 0x00000000ded80000, 0x0000000100000000)
  eden space 131072K, 100% used [0x00000000d5580000,0x00000000dd580000,0x00000000dd580000)
  from space 11776K, 0% used [0x00000000de200000,0x00000000de200000,0x00000000ded80000)
  to   space 12288K, 0% used [0x00000000dd580000,0x00000000dd580000,0x00000000de180000)
 ParOldGen       total 53248K, used 7153K [0x0000000080000000, 0x0000000083400000, 0x00000000d5580000)
  object space 53248K, 13% used [0x0000000080000000,0x00000000806fc6e0,0x0000000083400000)
 Metaspace       used 32231K, capacity 32996K, committed 33072K, reserved 1077248K
  class space    used 4401K, capacity 4613K, committed 4656K, reserved 1048576K
Event: 2.867 GC heap after
Heap after GC invocations=8 (full 1):
 PSYoungGen      total 143360K, used 12285K [0x00000000d5580000, 0x00000000e5580000, 0x0000000100000000)
  eden space 131072K, 0% used [0x00000000d5580000,0x00000000d5580000,0x00000000dd580000)
  from space 12288K, 99% used [0x00000000dd580000,0x00000000de17f558,0x00000000de180000)
  to   space 14848K, 0% used [0x00000000e4700000,0x00000000e4700000,0x00000000e5580000)
 ParOldGen       total 53248K, used 8878K [0x0000000080000000, 0x0000000083400000, 0x00000000d5580000)
  object space 53248K, 16% used [0x0000000080000000,0x00000000808ab868,0x0000000083400000)
 Metaspace       used 32231K, capacity 32996K, committed 33072K, reserved 1077248K
  class space    used 4401K, capacity 4613K, committed 4656K, reserved 1048576K
}
Event: 3.127 GC heap before
{Heap before GC invocations=9 (full 1):
 PSYoungGen      total 143360K, used 65556K [0x00000000d5580000, 0x00000000e5580000, 0x0000000100000000)
  eden space 131072K, 40% used [0x00000000d5580000,0x00000000d8985b90,0x00000000dd580000)
  from space 12288K, 99% used [0x00000000dd580000,0x00000000de17f558,0x00000000de180000)
  to   space 14848K, 0% used [0x00000000e4700000,0x00000000e4700000,0x00000000e5580000)
 ParOldGen       total 53248K, used 8878K [0x0000000080000000, 0x0000000083400000, 0x00000000d5580000)
  object space 53248K, 16% used [0x0000000080000000,0x00000000808ab868,0x0000000083400000)
 Metaspace       used 34515K, capacity 35406K, committed 35496K, reserved 1079296K
  class space    used 4735K, capacity 4974K, committed 5040K, reserved 1048576K
Event: 3.135 GC heap after
Heap after GC invocations=9 (full 1):
 PSYoungGen      total 244224K, used 9407K [0x00000000d5580000, 0x00000000e5400000, 0x0000000100000000)
  eden space 230912K, 0% used [0x00000000d5580000,0x00000000d5580000,0x00000000e3700000)
  from space 13312K, 70% used [0x00000000e4700000,0x00000000e502fc18,0x00000000e5400000)
  to   space 14848K, 0% used [0x00000000e3700000,0x00000000e3700000,0x00000000e4580000)
 ParOldGen       total 53248K, used 8886K [0x0000000080000000, 0x0000000083400000, 0x00000000d5580000)
  object space 53248K, 16% used [0x0000000080000000,0x00000000808ad868,0x0000000083400000)
 Metaspace       used 34515K, capacity 35406K, committed 35496K, reserved 1079296K
  class space    used 4735K, capacity 4974K, committed 5040K, reserved 1048576K
}
Event: 3.135 GC heap before
{Heap before GC invocations=10 (full 2):
 PSYoungGen      total 244224K, used 9407K [0x00000000d5580000, 0x00000000e5400000, 0x0000000100000000)
  eden space 230912K, 0% used [0x00000000d5580000,0x00000000d5580000,0x00000000e3700000)
  from space 13312K, 70% used [0x00000000e4700000,0x00000000e502fc18,0x00000000e5400000)
  to   space 14848K, 0% used [0x00000000e3700000,0x00000000e3700000,0x00000000e4580000)
 ParOldGen       total 53248K, used 8886K [0x0000000080000000, 0x0000000083400000, 0x00000000d5580000)
  object space 53248K, 16% used [0x0000000080000000,0x00000000808ad868,0x0000000083400000)
 Metaspace       used 34515K, capacity 35406K, committed 35496K, reserved 1079296K
  class space    used 4735K, capacity 4974K, committed 5040K, reserved 1048576K
Event: 3.168 GC heap after
Heap after GC invocations=10 (full 2):
 PSYoungGen      total 244224K, used 0K [0x00000000d5580000, 0x00000000e5400000, 0x0000000100000000)
  eden space 230912K, 0% used [0x00000000d5580000,0x00000000d5580000,0x00000000e3700000)
  from space 13312K, 0% used [0x00000000e4700000,0x00000000e4700000,0x00000000e5400000)
  to   space 14848K, 0% used [0x00000000e3700000,0x00000000e3700000,0x00000000e4580000)
 ParOldGen       total 53248K, used 15990K [0x0000000080000000, 0x0000000083400000, 0x00000000d5580000)
  object space 53248K, 30% used [0x0000000080000000,0x0000000080f9da98,0x0000000083400000)
 Metaspace       used 34515K, capacity 35406K, committed 35496K, reserved 1079296K
  class space    used 4735K, capacity 4974K, committed 5040K, reserved 1048576K
}

Deoptimization events (10 events):
Event: 2.924 Thread 0x000000001d3de800 Uncommon trap: reason=class_check action=maybe_recompile pc=0x0000000003b1fc18 method=org.codehaus.groovy.runtime.metaclass.MetaMethodIndex.addMethodToList(Ljava/lang/Object;Lgroovy/lang/MetaMethod;)Ljava/lang/Object; @ 240
Event: 2.929 Thread 0x000000001d3de800 Uncommon trap: reason=class_check action=maybe_recompile pc=0x0000000003b1fc18 method=org.codehaus.groovy.runtime.metaclass.MetaMethodIndex.addMethodToList(Ljava/lang/Object;Lgroovy/lang/MetaMethod;)Ljava/lang/Object; @ 240
Event: 2.937 Thread 0x000000001d3de800 Uncommon trap: reason=unstable_if action=reinterpret pc=0x0000000003a8dce0 method=java.net.URI.match(CJJ)Z @ 45
Event: 3.066 Thread 0x000000001d3de800 Uncommon trap: reason=unstable_if action=reinterpret pc=0x00000000036f0c3c method=jdk.internal.org.objectweb.asm.Type.getArgumentsAndReturnSizes(Ljava/lang/String;)I @ 88
Event: 3.295 Thread 0x0000000020e7c000 Uncommon trap: reason=unstable_if action=reinterpret pc=0x00000000036f9110 method=java.util.concurrent.ConcurrentHashMap.addCount(JI)V @ 34
Event: 3.295 Thread 0x0000000020e7d800 Uncommon trap: reason=unstable_if action=reinterpret pc=0x00000000036f9110 method=java.util.concurrent.ConcurrentHashMap.addCount(JI)V @ 34
Event: 3.300 Thread 0x0000000020e81000 Uncommon trap: reason=unstable_if action=reinterpret pc=0x0000000003ca07fc method=com.esotericsoftware.kryo.io.Input.readUtf8Length(I)I @ 9
Event: 3.303 Thread 0x0000000020e7f000 Uncommon trap: reason=unstable_if action=reinterpret pc=0x000000000364929c method=java.util.concurrent.ConcurrentHashMap.addCount(JI)V @ 34
Event: 3.303 Thread 0x0000000020e85800 Uncommon trap: reason=unstable_if action=reinterpret pc=0x0000000003649278 method=java.util.concurrent.ConcurrentHashMap.addCount(JI)V @ 7
Event: 3.303 Thread 0x0000000020e7c800 Uncommon trap: reason=unstable_if action=reinterpret pc=0x0000000003649278 method=java.util.concurrent.ConcurrentHashMap.addCount(JI)V @ 7

Classes redefined (0 events):
No events

Internal exceptions (10 events):
Event: 2.926 Thread 0x000000001d3de800 Exception <a 'java/lang/ClassNotFoundException': groovy/lang/GStringBeanInfo> (0x00000000d62194e8) thrown at [C:\src\AOSP-openjdk-git\hotspot\src\share\vm\classfile\systemDictionary.cpp, line 210]
Event: 2.926 Thread 0x000000001d3de800 Exception <a 'java/lang/ClassNotFoundException': groovy/lang/GStringCustomizer> (0x00000000d623c080) thrown at [C:\src\AOSP-openjdk-git\hotspot\src\share\vm\classfile\systemDictionary.cpp, line 210]
Event: 2.927 Thread 0x000000001d3de800 Exception <a 'java/lang/ClassNotFoundException': groovy/lang/GString$1Customizer> (0x00000000d626b038) thrown at [C:\src\AOSP-openjdk-git\hotspot\src\share\vm\classfile\systemDictionary.cpp, line 210]
Event: 2.930 Thread 0x000000001d3de800 Exception <a 'java/lang/ClassNotFoundException': org/codehaus/groovy/runtime/GStringImplBeanInfo> (0x00000000d631b3a8) thrown at [C:\src\AOSP-openjdk-git\hotspot\src\share\vm\classfile\systemDictionary.cpp, line 210]
Event: 2.931 Thread 0x000000001d3de800 Exception <a 'java/lang/ClassNotFoundException': org/codehaus/groovy/runtime/GStringImplCustomizer> (0x00000000d6348490) thrown at [C:\src\AOSP-openjdk-git\hotspot\src\share\vm\classfile\systemDictionary.cpp, line 210]
Event: 3.065 Thread 0x000000001d3de800 Exception <a 'java/lang/IncompatibleClassChangeError': Found class java.lang.Object, but interface was expected> (0x00000000d7d97528) thrown at [C:\src\AOSP-openjdk-git\hotspot\src\share\vm\interpreter\linkResolver.cpp, line 653]
Event: 3.066 Thread 0x000000001d3de800 Exception <a 'java/lang/NoSuchMethodError': java.lang.Object.lambda$comparing$77a9974f$1(Ljava/util/function/Function;Ljava/lang/Object;Ljava/lang/Object;)I> (0x00000000d7da2a88) thrown at [C:\src\AOSP-openjdk-git\hotspot\src\share\vm\interpreter\linkReso
Event: 3.067 Thread 0x000000001d3de800 Exception <a 'java/lang/NoSuchMethodError': java.lang.Object.lambda$thenComparing$36697e65$1(Ljava/util/Comparator;Ljava/lang/Object;Ljava/lang/Object;)I> (0x00000000d7db6d00) thrown at [C:\src\AOSP-openjdk-git\hotspot\src\share\vm\interpreter\linkResolve
Event: 3.068 Thread 0x000000001d3de800 Exception <a 'java/lang/NoSuchMethodError': java.lang.Object.lambda$comparing$ea9a8b3a$1(Ljava/util/Comparator;Ljava/util/function/Function;Ljava/lang/Object;Ljava/lang/Object;)I> (0x00000000d7dcdf10) thrown at [C:\src\AOSP-openjdk-git\hotspot\src\share\v
Event: 3.289 Thread 0x000000001d3de800 Exception <a 'java/lang/NoSuchMethodError': java.lang.Object.lambda$static$0(Lorg/gradle/api/internal/artifacts/ivyservice/resolveengine/artifact/ArtifactVisitor;)V> (0x00000000d6662670) thrown at [C:\src\AOSP-openjdk-git\hotspot\src\share\vm\interpreter\

Events (10 events):
Event: 3.340 loading class org/gradle/internal/snapshot/FileSystemNode
Event: 3.340 loading class org/gradle/internal/snapshot/FileSystemNode done
Event: 3.340 loading class org/gradle/internal/snapshot/VfsRelativePath
Event: 3.340 loading class org/gradle/internal/snapshot/VfsRelativePath done
Event: 3.340 loading class org/gradle/internal/snapshot/SearchUtil
Event: 3.340 loading class org/gradle/internal/snapshot/SearchUtil done
Event: 3.346 loading class org/gradle/internal/snapshot/VfsRelativePath
Event: 3.346 loading class org/gradle/internal/snapshot/VfsRelativePath done
Event: 3.346 loading class org/gradle/internal/snapshot/VfsRelativePath
Event: 3.346 loading class org/gradle/internal/snapshot/VfsRelativePath done


Dynamic libraries:
0x00007ff602130000 - 0x00007ff602161000 	C:\Program Files\Android\Android Studio\jre\bin\java.exe
0x00007ffcd6440000 - 0x00007ffcd6630000 	C:\WINDOWS\SYSTEM32\ntdll.dll
0x00007ffcd4670000 - 0x00007ffcd4722000 	C:\WINDOWS\System32\KERNEL32.DLL
0x00007ffcd4060000 - 0x00007ffcd4305000 	C:\WINDOWS\System32\KERNELBASE.dll
0x00007ffcd45c0000 - 0x00007ffcd4663000 	C:\WINDOWS\System32\ADVAPI32.dll
0x00007ffcd50c0000 - 0x00007ffcd515e000 	C:\WINDOWS\System32\msvcrt.dll
0x00007ffcd62a0000 - 0x00007ffcd6337000 	C:\WINDOWS\System32\sechost.dll
0x00007ffcd5390000 - 0x00007ffcd54b0000 	C:\WINDOWS\System32\RPCRT4.dll
0x00007ffcd4e70000 - 0x00007ffcd5004000 	C:\WINDOWS\System32\USER32.dll
0x00007ffcd33c0000 - 0x00007ffcd33e1000 	C:\WINDOWS\System32\win32u.dll
0x00007ffcd5010000 - 0x00007ffcd5036000 	C:\WINDOWS\System32\GDI32.dll
0x00007ffcd3590000 - 0x00007ffcd3726000 	C:\WINDOWS\System32\gdi32full.dll
0x00007ffcd4310000 - 0x00007ffcd43ae000 	C:\WINDOWS\System32\msvcp_win.dll
0x00007ffcd3750000 - 0x00007ffcd384a000 	C:\WINDOWS\System32\ucrtbase.dll
0x00007ffcc0a40000 - 0x00007ffcc0cc4000 	C:\WINDOWS\WinSxS\amd64_microsoft.windows.common-controls_6595b64144ccf1df_6.0.18362.1198_none_9e820b57e45ad92f\COMCTL32.dll
0x00007ffcd5c50000 - 0x00007ffcd5f85000 	C:\WINDOWS\System32\combase.dll
0x00007ffcd3850000 - 0x00007ffcd38d0000 	C:\WINDOWS\System32\bcryptPrimitives.dll
0x00007ffcd6060000 - 0x00007ffcd608e000 	C:\WINDOWS\System32\IMM32.DLL
0x0000000053d10000 - 0x0000000053de2000 	C:\Program Files\Android\Android Studio\jre\jre\bin\msvcr100.dll
0x0000000054880000 - 0x00000000550cb000 	C:\Program Files\Android\Android Studio\jre\jre\bin\server\jvm.dll
0x00007ffcd63f0000 - 0x00007ffcd63f8000 	C:\WINDOWS\System32\PSAPI.DLL
0x00007ffcd03d0000 - 0x00007ffcd03f4000 	C:\WINDOWS\SYSTEM32\WINMM.dll
0x00007ffccea10000 - 0x00007ffccea19000 	C:\WINDOWS\SYSTEM32\WSOCK32.dll
0x00007ffccccc0000 - 0x00007ffccccca000 	C:\WINDOWS\SYSTEM32\VERSION.dll
0x00007ffcd6090000 - 0x00007ffcd60ff000 	C:\WINDOWS\System32\WS2_32.dll
0x00007ffcd03a0000 - 0x00007ffcd03cd000 	C:\WINDOWS\SYSTEM32\WINMMBASE.dll
0x00007ffcd33f0000 - 0x00007ffcd343a000 	C:\WINDOWS\System32\cfgmgr32.dll
0x00007ffcce970000 - 0x00007ffcce97f000 	C:\Program Files\Android\Android Studio\jre\jre\bin\verify.dll
0x00007ffcc2b10000 - 0x00007ffcc2b39000 	C:\Program Files\Android\Android Studio\jre\jre\bin\java.dll
0x00007ffccc4c0000 - 0x00007ffccc4d6000 	C:\Program Files\Android\Android Studio\jre\jre\bin\zip.dll
0x00007ffcd54b0000 - 0x00007ffcd5b97000 	C:\WINDOWS\System32\SHELL32.dll
0x00007ffcd6340000 - 0x00007ffcd63e9000 	C:\WINDOWS\System32\shcore.dll
0x00007ffcd38d0000 - 0x00007ffcd4051000 	C:\WINDOWS\System32\windows.storage.dll
0x00007ffcd3390000 - 0x00007ffcd33b3000 	C:\WINDOWS\System32\profapi.dll
0x00007ffcd3320000 - 0x00007ffcd336a000 	C:\WINDOWS\System32\powrprof.dll
0x00007ffcd32f0000 - 0x00007ffcd3300000 	C:\WINDOWS\System32\UMPDC.dll
0x00007ffcd44f0000 - 0x00007ffcd4542000 	C:\WINDOWS\System32\shlwapi.dll
0x00007ffcd3300000 - 0x00007ffcd3311000 	C:\WINDOWS\System32\kernel.appcore.dll
0x00007ffcd3730000 - 0x00007ffcd3747000 	C:\WINDOWS\System32\cryptsp.dll
0x00007ffcbe220000 - 0x00007ffcbe23a000 	C:\Program Files\Android\Android Studio\jre\jre\bin\net.dll
0x00007ffcd2b40000 - 0x00007ffcd2ba7000 	C:\WINDOWS\system32\mswsock.dll
0x00007ffcab690000 - 0x00007ffcab6a3000 	C:\Program Files\Android\Android Studio\jre\jre\bin\nio.dll
0x00007ffcaae70000 - 0x00007ffcaae96000 	C:\Users\Acer\.gradle\native\31\windows-amd64\native-platform.dll
0x00007ffcc67b0000 - 0x00007ffcc67bd000 	C:\Program Files\Android\Android Studio\jre\jre\bin\management.dll
0x00007ffcd26b0000 - 0x00007ffcd26e3000 	C:\WINDOWS\system32\rsaenh.dll
0x00007ffcd4410000 - 0x00007ffcd4436000 	C:\WINDOWS\System32\bcrypt.dll
0x00007ffcd3210000 - 0x00007ffcd3235000 	C:\WINDOWS\SYSTEM32\USERENV.dll
0x00007ffcd2d10000 - 0x00007ffcd2d1c000 	C:\WINDOWS\SYSTEM32\CRYPTBASE.dll
0x00007ffcd2850000 - 0x00007ffcd288a000 	C:\WINDOWS\SYSTEM32\IPHLPAPI.DLL
0x00007ffcd4550000 - 0x00007ffcd4558000 	C:\WINDOWS\System32\NSI.dll
0x00007ffcccca0000 - 0x00007ffccccb6000 	C:\WINDOWS\SYSTEM32\dhcpcsvc6.DLL
0x00007ffcccc80000 - 0x00007ffcccc9c000 	C:\WINDOWS\SYSTEM32\dhcpcsvc.DLL
0x00007ffcd2890000 - 0x00007ffcd295b000 	C:\WINDOWS\SYSTEM32\DNSAPI.dll

VM Arguments:
jvm_args: -Xmx2048m -Dfile.encoding=windows-1251 -Duser.country=RU -Duser.language=ru -Duser.variant 
java_command: org.gradle.launcher.daemon.bootstrap.GradleDaemon 6.1.1
java_class_path (initial): C:\Users\Acer\.gradle\wrapper\dists\gradle-6.1.1-all\cfmwm155h49vnt3hynmlrsdst\gradle-6.1.1\lib\gradle-launcher-6.1.1.jar
Launcher Type: SUN_STANDARD

Environment Variables:
USERNAME=Acer
OS=Windows_NT
PROCESSOR_IDENTIFIER=Intel64 Family 6 Model 158 Stepping 10, GenuineIntel



---------------  S Y S T E M  ---------------

OS: Windows 10.0 , 64 bit Build 18362 (10.0.18362.1110)

CPU:total 12 (initial active 12) (6 cores per cpu, 2 threads per core) family 6 model 158 stepping 10, cmov, cx8, fxsr, mmx, sse, sse2, sse3, ssse3, sse4.1, sse4.2, popcnt, avx, avx2, aes, clmul, erms, 3dnowpref, lzcnt, ht, tsc, tscinvbit, bmi1, bmi2, adx

Memory: 4k page, physical 8227124k(3119720k free), swap 10291508k(3944k free)

vm_info: OpenJDK 64-Bit Server VM (25.242-b01) for windows-amd64 JRE (1.8.0_242-release-1644-b01), built by "builder" with MS VC++ 10.0 (VS2010)

time: Wed Nov 18 01:41:49 2020
timezone: RTZ 4 (зима)
elapsed time: 3 seconds (0d 0h 0m 3s)

